::1 - - "2020-06-09 02:19:22" http://localhost/eltek/index.php/iap/index 200 "Mozilla/5.0 (Windows NT 10.0; Win64; x64) AppleWebKit/537.36 (KHTML, like Gecko) Chrome/83.0.4103.97 Safari/537.36"
::1 - - "2020-06-09 02:21:02" http://localhost/eltek/index.php/iap/index 200 "Mozilla/5.0 (Windows NT 10.0; Win64; x64) AppleWebKit/537.36 (KHTML, like Gecko) Chrome/83.0.4103.97 Safari/537.36"
::1 - - "2020-06-09 02:28:04" http://localhost/eltek/index.php/iap/index 200 "Mozilla/5.0 (Windows NT 10.0; Win64; x64) AppleWebKit/537.36 (KHTML, like Gecko) Chrome/83.0.4103.97 Safari/537.36"
::1 - - "2020-06-09 02:28:30" http://localhost/eltek/index.php/iap/index 200 "Mozilla/5.0 (Windows NT 10.0; Win64; x64) AppleWebKit/537.36 (KHTML, like Gecko) Chrome/83.0.4103.97 Safari/537.36"
::1 - - "2020-06-09 02:28:34" http://localhost/eltek/index.php/iap/index 200 "Mozilla/5.0 (Windows NT 10.0; Win64; x64) AppleWebKit/537.36 (KHTML, like Gecko) Chrome/83.0.4103.97 Safari/537.36"
::1 - - "2020-06-09 02:29:52" http://localhost/eltek/index.php/jip/index 200 "Mozilla/5.0 (Windows NT 10.0; Win64; x64) AppleWebKit/537.36 (KHTML, like Gecko) Chrome/83.0.4103.97 Safari/537.36"
::1 - - "2020-06-09 02:30:56" http://localhost/eltek/index.php/iap/index 200 "Mozilla/5.0 (Windows NT 10.0; Win64; x64) AppleWebKit/537.36 (KHTML, like Gecko) Chrome/83.0.4103.97 Safari/537.36"
::1 - - "2020-06-09 02:33:23" http://localhost/eltek/index.php/iap/index 200 "Mozilla/5.0 (Windows NT 10.0; Win64; x64) AppleWebKit/537.36 (KHTML, like Gecko) Chrome/83.0.4103.97 Safari/537.36"
::1 - - "2020-06-09 02:33:38" http://localhost/eltek/index.php/iap/index 200 "Mozilla/5.0 (Windows NT 10.0; Win64; x64) AppleWebKit/537.36 (KHTML, like Gecko) Chrome/83.0.4103.97 Safari/537.36"
::1 - - "2020-06-09 02:39:44" http://localhost/eltek/index.php/jip/index 200 "Mozilla/5.0 (Windows NT 10.0; Win64; x64) AppleWebKit/537.36 (KHTML, like Gecko) Chrome/83.0.4103.97 Safari/537.36"
::1 - - "2020-06-09 02:39:58" http://localhost/eltek/index.php/jip/index 200 "Mozilla/5.0 (Windows NT 10.0; Win64; x64) AppleWebKit/537.36 (KHTML, like Gecko) Chrome/83.0.4103.97 Safari/537.36"
::1 - - "2020-06-09 02:40:00" http://localhost/eltek/index.php/jip/index 200 "Mozilla/5.0 (Windows NT 10.0; Win64; x64) AppleWebKit/537.36 (KHTML, like Gecko) Chrome/83.0.4103.97 Safari/537.36"
::1 - - "2020-06-09 02:40:25" http://localhost/eltek/index.php/jip/index 200 "Mozilla/5.0 (Windows NT 10.0; Win64; x64) AppleWebKit/537.36 (KHTML, like Gecko) Chrome/83.0.4103.97 Safari/537.36"
::1 - - "2020-06-09 02:42:41" http://localhost/eltek/index.php/jip/index 200 "Mozilla/5.0 (Windows NT 10.0; Win64; x64) AppleWebKit/537.36 (KHTML, like Gecko) Chrome/83.0.4103.97 Safari/537.36"
::1 - - "2020-06-09 02:43:13" http://localhost/eltek/index.php/jip/index 200 "Mozilla/5.0 (Windows NT 10.0; Win64; x64) AppleWebKit/537.36 (KHTML, like Gecko) Chrome/83.0.4103.97 Safari/537.36"
::1 - - "2020-06-09 02:45:49" http://localhost/eltek/index.php/iap/index 200 "Mozilla/5.0 (Windows NT 10.0; Win64; x64) AppleWebKit/537.36 (KHTML, like Gecko) Chrome/83.0.4103.97 Safari/537.36"
::1 - - "2020-06-09 02:46:59" http://localhost/eltek/index.php/iap/index 200 "Mozilla/5.0 (Windows NT 10.0; Win64; x64) AppleWebKit/537.36 (KHTML, like Gecko) Chrome/83.0.4103.97 Safari/537.36"
::1 - - "2020-06-09 03:25:40" http://localhost/eltek/index.php/iap/index 200 "Mozilla/5.0 (Windows NT 10.0; Win64; x64) AppleWebKit/537.36 (KHTML, like Gecko) Chrome/83.0.4103.97 Safari/537.36"
::1 - - "2020-06-09 03:31:44" http://localhost/eltek/index.php/iap/index 200 "Mozilla/5.0 (Windows NT 10.0; Win64; x64) AppleWebKit/537.36 (KHTML, like Gecko) Chrome/83.0.4103.97 Safari/537.36"
::1 - - "2020-06-09 03:35:05" http://localhost/eltek/index.php/iap/index 200 "Mozilla/5.0 (Windows NT 10.0; Win64; x64) AppleWebKit/537.36 (KHTML, like Gecko) Chrome/83.0.4103.97 Safari/537.36"
::1 - 2 "2020-06-09 05:03:23" http://localhost/eltek/index.php/jip/index 200 "Mozilla/5.0 (Windows NT 10.0; Win64; x64) AppleWebKit/537.36 (KHTML, like Gecko) Chrome/83.0.4103.97 Safari/537.36"
::1 - 2 "2020-06-09 05:07:23" http://localhost/eltek/index.php/jip/index 200 "Mozilla/5.0 (Windows NT 10.0; Win64; x64) AppleWebKit/537.36 (KHTML, like Gecko) Chrome/83.0.4103.97 Safari/537.36"
::1 - 2 "2020-06-09 05:10:46" http://localhost/eltek/index.php/jip/index 200 "Mozilla/5.0 (Windows NT 10.0; Win64; x64) AppleWebKit/537.36 (KHTML, like Gecko) Chrome/83.0.4103.97 Safari/537.36"
::1 - 2 "2020-06-09 06:16:58" http://localhost/eltek/index.php/jip/index 200 "Mozilla/5.0 (Windows NT 10.0; Win64; x64) AppleWebKit/537.36 (KHTML, like Gecko) Chrome/83.0.4103.97 Safari/537.36"
::1 - 2 "2020-06-09 06:35:33" http://localhost/eltek/index.php/jab/index 200 "Mozilla/5.0 (Windows NT 10.0; Win64; x64) AppleWebKit/537.36 (KHTML, like Gecko) Chrome/83.0.4103.97 Safari/537.36"
::1 - 2 "2020-06-09 06:49:38" http://localhost/eltek/index.php/jab/index 200 "Mozilla/5.0 (Windows NT 10.0; Win64; x64) AppleWebKit/537.36 (KHTML, like Gecko) Chrome/83.0.4103.97 Safari/537.36"
::1 - 2 "2020-06-09 06:51:18" http://localhost/eltek/index.php/jab/index 200 "Mozilla/5.0 (Windows NT 10.0; Win64; x64) AppleWebKit/537.36 (KHTML, like Gecko) Chrome/83.0.4103.97 Safari/537.36"
::1 - 2 "2020-06-09 06:51:26" http://localhost/eltek/index.php/jab/index 200 "Mozilla/5.0 (Windows NT 10.0; Win64; x64) AppleWebKit/537.36 (KHTML, like Gecko) Chrome/83.0.4103.97 Safari/537.36"
::1 - 2 "2020-06-09 06:53:02" http://localhost/eltek/index.php/jab/index 200 "Mozilla/5.0 (Windows NT 10.0; Win64; x64) AppleWebKit/537.36 (KHTML, like Gecko) Chrome/83.0.4103.97 Safari/537.36"
::1 - 2 "2020-06-09 06:53:19" http://localhost/eltek/index.php/jab/index 200 "Mozilla/5.0 (Windows NT 10.0; Win64; x64) AppleWebKit/537.36 (KHTML, like Gecko) Chrome/83.0.4103.97 Safari/537.36"
::1 administrative 2 "2020-06-09 06:54:36" http://localhost/eltek/index.php/iap/index 200 "Mozilla/5.0 (Windows NT 10.0; Win64; x64) AppleWebKit/537.36 (KHTML, like Gecko) Chrome/83.0.4103.97 Safari/537.36"
::1 - 2 "2020-06-09 06:56:00" http://localhost/eltek/index.php/jab/index 200 "Mozilla/5.0 (Windows NT 10.0; Win64; x64) AppleWebKit/537.36 (KHTML, like Gecko) Chrome/83.0.4103.97 Safari/537.36"
::1 - 2 "2020-06-09 06:57:44" http://localhost/eltek/index.php/jip/index 200 "Mozilla/5.0 (Windows NT 10.0; Win64; x64) AppleWebKit/537.36 (KHTML, like Gecko) Chrome/83.0.4103.97 Safari/537.36"
::1 - 2 "2020-06-09 07:06:20" http://localhost/eltek/index.php/jip/index 200 "Mozilla/5.0 (Windows NT 10.0; Win64; x64) AppleWebKit/537.36 (KHTML, like Gecko) Chrome/83.0.4103.97 Safari/537.36"
::1 - 2 "2020-06-09 07:08:45" http://localhost/eltek/index.php/jip/index 200 "Mozilla/5.0 (Windows NT 10.0; Win64; x64) AppleWebKit/537.36 (KHTML, like Gecko) Chrome/83.0.4103.97 Safari/537.36"
::1 - 2 "2020-06-09 07:30:37" http://localhost/eltek/index.php/jip/index 200 "Mozilla/5.0 (Windows NT 10.0; Win64; x64) AppleWebKit/537.36 (KHTML, like Gecko) Chrome/83.0.4103.97 Safari/537.36"
::1 administrative 2 "2020-06-09 07:37:13" http://localhost/eltek/index.php/iap/index 200 "Mozilla/5.0 (Windows NT 10.0; Win64; x64) AppleWebKit/537.36 (KHTML, like Gecko) Chrome/83.0.4103.97 Safari/537.36"
::1 - - "2020-06-09 08:08:16" http://localhost/eltek/index.php/jip/index 200 "Mozilla/5.0 (Windows NT 10.0; Win64; x64) AppleWebKit/537.36 (KHTML, like Gecko) Chrome/83.0.4103.97 Safari/537.36"
::1 - - "2020-06-09 08:08:19" http://localhost/eltek/index.php/jip/index 200 "Mozilla/5.0 (Windows NT 10.0; Win64; x64) AppleWebKit/537.36 (KHTML, like Gecko) Chrome/83.0.4103.97 Safari/537.36"
::1 - - "2020-06-09 14:42:18" http://localhost/eltek/index.php/iap/index 200 "Mozilla/5.0 (Windows NT 10.0; Win64; x64) AppleWebKit/537.36 (KHTML, like Gecko) Chrome/83.0.4103.97 Safari/537.36"
::1 - - "2020-06-09 14:48:35" http://localhost/eltek/index.php/iap/index 200 "Mozilla/5.0 (Windows NT 10.0; Win64; x64) AppleWebKit/537.36 (KHTML, like Gecko) Chrome/83.0.4103.97 Safari/537.36"
